<?xml version="1.0" encoding="UTF-8"?>
<!-- Generated by org.testng.reporters.JUnitReportReporter -->
<testsuite hostname="192.168.1.5" failures="0" tests="1" name="testCases.TC002_Login" time="1.097" errors="0" timestamp="2025-06-23T00:57:05 CST" skipped="0">
  <testcase classname="testCases.TC002_Login" name="login" time="1.097"/>
</testsuite> <!-- testCases.TC002_Login -->
