<?xml version="1.0" encoding="UTF-8"?>
<!-- Generated by org.testng.reporters.JUnitReportReporter -->
<testsuite hostname="192.168.1.5" failures="0" tests="1" name="testCases.TC001_AccountRegistrationTest" time="0.785" errors="0" timestamp="2025-06-23T10:10:35 CST" skipped="0">
  <testcase classname="testCases.TC001_AccountRegistrationTest" name="verify_account_registration" time="0.785"/>
</testsuite> <!-- testCases.TC001_AccountRegistrationTest -->
